<?xml version="1.0" encoding="UTF-8"?>
<!-- Generated by org.testng.reporters.JUnitReportReporter -->
<testsuite skipped="0" hostname="DESKTOP-NTDIJGK" name="poly.test.Category" tests="6" failures="0" timestamp="2020-06-18T19:14:25 ICT" time="5.703" errors="0">
  <testcase name="CAT05" time="0.885" classname="poly.test.Category"/>
  <system-out/>
  <testcase name="CAT07" time="0.995" classname="poly.test.Category"/>
  <system-out/>
  <testcase name="CAT06" time="1.111" classname="poly.test.Category"/>
  <system-out/>
  <testcase name="CAT08" time="0.901" classname="poly.test.Category"/>
  <system-out/>
  <testcase name="CAT09" time="0.858" classname="poly.test.Category"/>
  <system-out/>
  <testcase name="CAT04" time="0.953" classname="poly.test.Category"/>
  <system-out/>
</testsuite> <!-- poly.test.Category -->
