<?xml version="1.0" encoding="UTF-8"?>
<!-- Generated by org.testng.reporters.JUnitReportReporter -->
<testsuite skipped="0" hostname="DESKTOP-NTDIJGK" name="poly.test.Sale" tests="5" failures="0" timestamp="2020-06-18T19:14:25 ICT" time="6.136" errors="0">
  <testcase name="ACC05" time="0.868" classname="poly.test.Sale"/>
  <system-out/>
  <testcase name="SALE06" time="1.977" classname="poly.test.Sale"/>
  <system-out/>
  <testcase name="SALE07" time="1.570" classname="poly.test.Sale"/>
  <system-out/>
  <testcase name="SALE08" time="0.883" classname="poly.test.Sale"/>
  <system-out/>
  <testcase name="CAT04" time="0.838" classname="poly.test.Sale"/>
  <system-out/>
</testsuite> <!-- poly.test.Sale -->
