<?xml version="1.0" encoding="UTF-8"?>
<!-- Generated by org.testng.reporters.JUnitReportReporter -->
<testsuite skipped="0" hostname="DESKTOP-NTDIJGK" name="poly.test.Category" tests="6" failures="0" timestamp="2020-06-24T11:52:16 ICT" time="6.568" errors="0">
  <testcase name="CAT05" time="0.951" classname="poly.test.Category"/>
  <system-out/>
  <testcase name="CAT07" time="0.998" classname="poly.test.Category"/>
  <system-out/>
  <testcase name="CAT06" time="1.385" classname="poly.test.Category"/>
  <system-out/>
  <testcase name="CAT08" time="1.117" classname="poly.test.Category"/>
  <system-out/>
  <testcase name="CAT09" time="1.094" classname="poly.test.Category"/>
  <system-out/>
  <testcase name="CAT04" time="1.023" classname="poly.test.Category"/>
  <system-out/>
</testsuite> <!-- poly.test.Category -->
