<?xml version="1.0" encoding="UTF-8"?>
<!-- Generated by org.testng.reporters.JUnitReportReporter -->
<testsuite skipped="0" hostname="DESKTOP-NTDIJGK" name="poly.test.Account" tests="6" failures="0" timestamp="2020-06-18T19:14:25 ICT" time="6.916" errors="0">
  <testcase name="ACC05" time="0.788" classname="poly.test.Account"/>
  <system-out/>
  <testcase name="ACC06" time="0.797" classname="poly.test.Account"/>
  <system-out/>
  <testcase name="ACC07" time="2.185" classname="poly.test.Account"/>
  <system-out/>
  <testcase name="ACC08" time="1.652" classname="poly.test.Account"/>
  <system-out/>
  <testcase name="ACC09" time="0.779" classname="poly.test.Account"/>
  <system-out/>
  <testcase name="ACC04" time="0.715" classname="poly.test.Account"/>
  <system-out/>
</testsuite> <!-- poly.test.Account -->
