<?xml version="1.0" encoding="UTF-8"?>
<!-- Generated by org.testng.reporters.JUnitReportReporter -->
<testsuite skipped="0" hostname="DESKTOP-NTDIJGK" name="poly.test.Account" tests="6" failures="0" timestamp="2020-06-24T11:52:16 ICT" time="9.406" errors="0">
  <testcase name="ACC06" time="1.422" classname="poly.test.Account"/>
  <system-out/>
  <testcase name="ACC05" time="1.122" classname="poly.test.Account"/>
  <system-out/>
  <testcase name="ACC07" time="2.743" classname="poly.test.Account"/>
  <system-out/>
  <testcase name="ACC08" time="2.225" classname="poly.test.Account"/>
  <system-out/>
  <testcase name="ACC09" time="0.948" classname="poly.test.Account"/>
  <system-out/>
  <testcase name="ACC04" time="0.946" classname="poly.test.Account"/>
  <system-out/>
</testsuite> <!-- poly.test.Account -->
