<?xml version="1.0" encoding="UTF-8"?>
<!-- Generated by org.testng.reporters.JUnitReportReporter -->
<testsuite skipped="0" hostname="DESKTOP-NTDIJGK" name="poly.test.Sale" tests="5" failures="0" timestamp="2020-06-24T11:52:16 ICT" time="9.540" errors="0">
  <testcase name="ACC05" time="2.238" classname="poly.test.Sale"/>
  <system-out/>
  <testcase name="SALE06" time="2.224" classname="poly.test.Sale"/>
  <system-out/>
  <testcase name="SALE07" time="2.553" classname="poly.test.Sale"/>
  <system-out/>
  <testcase name="SALE08" time="1.160" classname="poly.test.Sale"/>
  <system-out/>
  <testcase name="CAT04" time="1.365" classname="poly.test.Sale"/>
  <system-out/>
</testsuite> <!-- poly.test.Sale -->
